[debug] [2018-05-30T03:47:14.376Z] ----------------------------------------------------------------------
[debug] [2018-05-30T03:47:14.378Z] Command:       /usr/local/bin/node /usr/local/bin/firebase deploy
[debug] [2018-05-30T03:47:14.378Z] CLI Version:   3.18.5
[debug] [2018-05-30T03:47:14.378Z] Platform:      linux
[debug] [2018-05-30T03:47:14.378Z] Node Version:  v9.0.0
[debug] [2018-05-30T03:47:14.378Z] Time:          Tue May 29 2018 23:47:14 GMT-0400 (EDT)
[debug] [2018-05-30T03:47:14.378Z] ----------------------------------------------------------------------
[debug] 
[debug] [2018-05-30T03:47:14.389Z] > command requires scopes: ["email","openid","https://www.googleapis.com/auth/cloudplatformprojects.readonly","https://www.googleapis.com/auth/firebase","https://www.googleapis.com/auth/cloud-platform"]
[debug] [2018-05-30T03:47:14.390Z] > authorizing via signed-in user
[debug] [2018-05-30T03:47:14.394Z] >>> HTTP REQUEST GET https://admin.firebase.com/v1/projects/tuts-tree  
  
 Tue May 29 2018 23:47:14 GMT-0400 (EDT)
[debug] [2018-05-30T03:47:14.769Z] <<< HTTP RESPONSE 200
[debug] [2018-05-30T03:47:14.773Z] >>> HTTP REQUEST GET https://admin.firebase.com/v1/database/tuts-tree/tokens  
  
 Tue May 29 2018 23:47:14 GMT-0400 (EDT)
[debug] [2018-05-30T03:47:15.150Z] <<< HTTP RESPONSE 200
[info] 
[info] === Deploying to 'tuts-tree'...
[info] 
[info] i  deploying hosting
[info] i  hosting: preparing dist directory for upload...
[debug] [2018-05-30T03:47:16.399Z] >>> HTTP REQUEST PUT https://deploy.firebase.com/v1/hosting/tuts-tree/uploads/-LDj91hld3soTRHr52VI?fileCount=12&message=  
  
 Tue May 29 2018 23:47:16 GMT-0400 (EDT)
[debug] [2018-05-30T03:47:22.755Z] <<< HTTP RESPONSE 200
[debug] [2018-05-30T03:47:22.756Z] [hosting] .tgz uploaded successfully, waiting for extraction
